\BOOKMARK [0][-]{chapter.1}{Motivation}{}% 1
\BOOKMARK [0][-]{chapter.2}{Spin-Fermion-Model}{}% 2
\BOOKMARK [0][-]{chapter.3}{Memory-Matrix-Formalsim}{}% 3
\BOOKMARK [1][-]{section.3.1}{Motivation}{chapter.3}% 4
\BOOKMARK [1][-]{section.3.2}{Linear Response Theory}{chapter.3}% 5
\BOOKMARK [2][-]{subsection.3.2.1}{Kubo formula}{section.3.2}% 6
\BOOKMARK [2][-]{subsection.3.2.2}{Kubo relaxation function}{section.3.2}% 7
\BOOKMARK [2][-]{subsection.3.2.3}{Kramer-Kronig-relation}{section.3.2}% 8
\BOOKMARK [2][-]{subsection.3.2.4}{Spectral representation}{section.3.2}% 9
\BOOKMARK [1][-]{section.3.3}{Deviation of the Memory-Matrix-Formalism}{chapter.3}% 10
\BOOKMARK [2][-]{subsection.3.3.1}{Time Reversal Symmetry}{section.3.3}% 11
\BOOKMARK [0][-]{chapter.4}{Calculation}{}% 12
\BOOKMARK [1][-]{section.4.1}{Infinite conductivity in systems with unbroken translation symmetry}{chapter.4}% 13
\BOOKMARK [1][-]{section.4.2}{Finite conductivity because of breaking the translation symmetry via umklapp scattering}{chapter.4}% 14
\BOOKMARK [2][-]{subsection.4.2.1}{Temperature dependence of the dc-conductivity}{section.4.2}% 15
\BOOKMARK [0][-]{chapter.5}{Conclusion}{}% 16
\BOOKMARK [0][-]{appendix.A}{Properties of the Kubo relaxation function}{}% 17
\BOOKMARK [0][-]{appendix.B}{Conversion of \(to.|to. \(to.- L0\)to.-1 |to.\)to.}{}% 18
\BOOKMARK [0][-]{appendix.C}{Analysis of Matsubara-sums}{}% 19
\BOOKMARK [1][-]{section.C.1}{Simple poles}{appendix.C}% 20
